This is pdfTeX, Version 3.14159265-2.6-1.40.21 (TeX Live 2020) (preloaded format=pdflatex 2020.9.16)  16 SEP 2021 12:30
entering extended mode
 restricted \write18 enabled.
 file:line:error style messages enabled.
 %&-line parsing enabled.
**exp_lit_overview.tex
(./exp_lit_overview.tex
LaTeX2e <2020-02-02> patch level 5
L3 programming layer <2020-03-06>
(/usr/local/texlive/2020/texmf-dist/tex/latex/base/article.cls
Document Class: article 2019/12/20 v1.4l Standard LaTeX document class
(/usr/local/texlive/2020/texmf-dist/tex/latex/base/size10.clo
File: size10.clo 2019/12/20 v1.4l Standard LaTeX file (size option)
)
\c@part=\count167
\c@section=\count168
\c@subsection=\count169
\c@subsubsection=\count170
\c@paragraph=\count171
\c@subparagraph=\count172
\c@figure=\count173
\c@table=\count174
\abovecaptionskip=\skip47
\belowcaptionskip=\skip48
\bibindent=\dimen134
)
(/usr/local/texlive/2020/texmf-dist/tex/latex/amsfonts/amssymb.sty
Package: amssymb 2013/01/14 v3.01 AMS font symbols

(/usr/local/texlive/2020/texmf-dist/tex/latex/amsfonts/amsfonts.sty
Package: amsfonts 2013/01/14 v3.01 Basic AMSFonts support
\@emptytoks=\toks15
\symAMSa=\mathgroup4
\symAMSb=\mathgroup5
LaTeX Font Info:    Redeclaring math symbol \hbar on input line 98.
LaTeX Font Info:    Overwriting math alphabet `\mathfrak' in version `bold'
(Font)                  U/euf/m/n --> U/euf/b/n on input line 106.
))
(/usr/local/texlive/2020/texmf-dist/tex/latex/amsmath/amsmath.sty
Package: amsmath 2020/01/20 v2.17e AMS math features
\@mathmargin=\skip49

For additional information on amsmath, use the `?' option.
(/usr/local/texlive/2020/texmf-dist/tex/latex/amsmath/amstext.sty
Package: amstext 2000/06/29 v2.01 AMS text

(/usr/local/texlive/2020/texmf-dist/tex/latex/amsmath/amsgen.sty
File: amsgen.sty 1999/11/30 v2.0 generic functions
\@emptytoks=\toks16
\ex@=\dimen135
))
(/usr/local/texlive/2020/texmf-dist/tex/latex/amsmath/amsbsy.sty
Package: amsbsy 1999/11/29 v1.2d Bold Symbols
\pmbraise@=\dimen136
)
(/usr/local/texlive/2020/texmf-dist/tex/latex/amsmath/amsopn.sty
Package: amsopn 2016/03/08 v2.02 operator names
)
\inf@bad=\count175
LaTeX Info: Redefining \frac on input line 227.
\uproot@=\count176
\leftroot@=\count177
LaTeX Info: Redefining \overline on input line 389.
\classnum@=\count178
\DOTSCASE@=\count179
LaTeX Info: Redefining \ldots on input line 486.
LaTeX Info: Redefining \dots on input line 489.
LaTeX Info: Redefining \cdots on input line 610.
\Mathstrutbox@=\box45
\strutbox@=\box46
\big@size=\dimen137
LaTeX Font Info:    Redeclaring font encoding OML on input line 733.
LaTeX Font Info:    Redeclaring font encoding OMS on input line 734.
\macc@depth=\count180
\c@MaxMatrixCols=\count181
\dotsspace@=\muskip16
\c@parentequation=\count182
\dspbrk@lvl=\count183
\tag@help=\toks17
\row@=\count184
\column@=\count185
\maxfields@=\count186
\andhelp@=\toks18
\eqnshift@=\dimen138
\alignsep@=\dimen139
\tagshift@=\dimen140
\tagwidth@=\dimen141
\totwidth@=\dimen142
\lineht@=\dimen143
\@envbody=\toks19
\multlinegap=\skip50
\multlinetaggap=\skip51
\mathdisplay@stack=\toks20
LaTeX Info: Redefining \[ on input line 2859.
LaTeX Info: Redefining \] on input line 2860.
)
(/usr/local/texlive/2020/texmf-dist/tex/latex/amscls/amsthm.sty
Package: amsthm 2017/10/31 v2.20.4
\thm@style=\toks21
\thm@bodyfont=\toks22
\thm@headfont=\toks23
\thm@notefont=\toks24
\thm@headpunct=\toks25
\thm@preskip=\skip52
\thm@postskip=\skip53
\thm@headsep=\skip54
\dth@everypar=\toks26
)
(/usr/local/texlive/2020/texmf-dist/tex/latex/eurosym/eurosym.sty
Package: eurosym 1998/08/06 v1.1 European currency symbol ``Euro''
\@eurobox=\box47
)
(/usr/local/texlive/2020/texmf-dist/tex/latex/booktabs/booktabs.sty
Package: booktabs 2020/01/12 v1.61803398 Publication quality tables
\heavyrulewidth=\dimen144
\lightrulewidth=\dimen145
\cmidrulewidth=\dimen146
\belowrulesep=\dimen147
\belowbottomsep=\dimen148
\aboverulesep=\dimen149
\abovetopsep=\dimen150
\cmidrulesep=\dimen151
\cmidrulekern=\dimen152
\defaultaddspace=\dimen153
\@cmidla=\count187
\@cmidlb=\count188
\@aboverulesep=\dimen154
\@belowrulesep=\dimen155
\@thisruleclass=\count189
\@lastruleclass=\count190
\@thisrulewidth=\dimen156
)
(/usr/local/texlive/2020/texmf-dist/tex/latex/geometry/geometry.sty
Package: geometry 2020/01/02 v5.9 Page Geometry

(/usr/local/texlive/2020/texmf-dist/tex/latex/graphics/keyval.sty
Package: keyval 2014/10/28 v1.15 key=value parser (DPC)
\KV@toks@=\toks27
)
(/usr/local/texlive/2020/texmf-dist/tex/generic/iftex/ifvtex.sty
Package: ifvtex 2019/10/25 v1.7 ifvtex legacy package. Use iftex instead.

(/usr/local/texlive/2020/texmf-dist/tex/generic/iftex/iftex.sty
Package: iftex 2020/03/06 v1.0d TeX engine tests
))
\Gm@cnth=\count191
\Gm@cntv=\count192
\c@Gm@tempcnt=\count193
\Gm@bindingoffset=\dimen157
\Gm@wd@mp=\dimen158
\Gm@odd@mp=\dimen159
\Gm@even@mp=\dimen160
\Gm@layoutwidth=\dimen161
\Gm@layoutheight=\dimen162
\Gm@layouthoffset=\dimen163
\Gm@layoutvoffset=\dimen164
\Gm@dimlist=\toks28
)
(/usr/local/texlive/2020/texmf-dist/tex/latex/natbib/natbib.sty
Package: natbib 2010/09/13 8.31b (PWD, AO)
\bibhang=\skip55
\bibsep=\skip56
LaTeX Info: Redefining \cite on input line 694.
\c@NAT@ctr=\count194
)
(/usr/local/texlive/2020/texmf-dist/tex/latex/base/inputenc.sty
Package: inputenc 2018/08/11 v1.3c Input encoding file
\inpenc@prehook=\toks29
\inpenc@posthook=\toks30

(/usr/local/texlive/2020/texmf-dist/tex/latex/ucs/utf8x.def
File: utf8x.def 2004/10/17 UCS: Input encoding UTF-8
))
(/usr/local/texlive/2020/texmf-dist/tex/latex/ucs/ucs.sty
Package: ucs 2013/05/11 v2.2 UCS: Unicode input support

(/usr/local/texlive/2020/texmf-dist/tex/latex/ucs/data/uni-global.def
File: uni-global.def 2013/05/13 UCS: Unicode global data
)
\uc@secondtry=\count195
\uc@combtoks=\toks31
\uc@combtoksb=\toks32
\uc@temptokena=\toks33
)
(/usr/local/texlive/2020/texmf-dist/tex/latex/comment/comment.sty
\CommentStream=\write3

Excluding comment 'comment')
\c@hyp=\count196
\c@fig=\count197
\c@tab=\count198
\c@hypo=\count199
\c@subhypo=\count266

(/usr/local/texlive/2020/texmf-dist/tex/latex/l3backend/l3backend-pdfmode.def
File: l3backend-pdfmode.def 2020-03-12 L3 backend support: PDF mode
\l__kernel_color_stack_int=\count267
\l__pdf_internal_box=\box48
)
No file exp_lit_overview.aux.
\openout1 = `exp_lit_overview.aux'.

LaTeX Font Info:    Checking defaults for OML/cmm/m/it on input line 40.
LaTeX Font Info:    ... okay on input line 40.
LaTeX Font Info:    Checking defaults for OMS/cmsy/m/n on input line 40.
LaTeX Font Info:    ... okay on input line 40.
LaTeX Font Info:    Checking defaults for OT1/cmr/m/n on input line 40.
LaTeX Font Info:    ... okay on input line 40.
LaTeX Font Info:    Checking defaults for T1/cmr/m/n on input line 40.
LaTeX Font Info:    ... okay on input line 40.
LaTeX Font Info:    Checking defaults for TS1/cmr/m/n on input line 40.
LaTeX Font Info:    ... okay on input line 40.
LaTeX Font Info:    Checking defaults for OMX/cmex/m/n on input line 40.
LaTeX Font Info:    ... okay on input line 40.
LaTeX Font Info:    Checking defaults for U/cmr/m/n on input line 40.
LaTeX Font Info:    ... okay on input line 40.
*geometry* driver: auto-detecting
*geometry* detected driver: pdftex
*geometry* verbose mode - [ preamble ] result:
* driver: pdftex
* paper: a4paper
* layout: <same size as paper>
* layoutoffset:(h,v)=(0.0pt,0.0pt)
* modes: 
* h-part:(L,W,R)=(71.13188pt, 455.24411pt, 71.13188pt)
* v-part:(T,H,B)=(85.35826pt, 645.87756pt, 113.81102pt)
* \paperwidth=597.50787pt
* \paperheight=845.04684pt
* \textwidth=455.24411pt
* \textheight=645.87756pt
* \oddsidemargin=-1.1381pt
* \evensidemargin=-1.1381pt
* \topmargin=-23.91173pt
* \headheight=12.0pt
* \headsep=25.0pt
* \topskip=10.0pt
* \footskip=30.0pt
* \marginparwidth=57.0pt
* \marginparsep=11.0pt
* \columnsep=10.0pt
* \skip\footins=9.0pt plus 4.0pt minus 2.0pt
* \hoffset=0.0pt
* \voffset=0.0pt
* \mag=1000
* \@twocolumnfalse
* \@twosidefalse
* \@mparswitchfalse
* \@reversemarginfalse
* (1in=72.27pt=25.4mm, 1cm=28.453pt)

(/usr/local/texlive/2020/texmf-dist/tex/latex/ucs/ucsencs.def
File: ucsencs.def 2011/01/21 Fixes to fontencodings LGR, T3
)
LaTeX Font Info:    Trying to load font information for U+msa on input line 44.


(/usr/local/texlive/2020/texmf-dist/tex/latex/amsfonts/umsa.fd
File: umsa.fd 2013/01/14 v3.01 AMS symbols A
)
LaTeX Font Info:    Trying to load font information for U+msb on input line 44.


(/usr/local/texlive/2020/texmf-dist/tex/latex/amsfonts/umsb.fd
File: umsb.fd 2013/01/14 v3.01 AMS symbols B
) [1

{/usr/local/texlive/2020/texmf-var/fonts/map/pdftex/updmap/pdftex.map}]
Excluding 'comment' comment. [2] [3] (./exp_lit_overview.aux) ) 
Here is how much of TeX's memory you used:
 2913 strings out of 480608
 39310 string characters out of 5903630
 294237 words of memory out of 5000000
 18786 multiletter control sequences out of 15000+600000
 540191 words of font info for 53 fonts, out of 8000000 for 9000
 1141 hyphenation exceptions out of 8191
 30i,11n,31p,1175b,285s stack positions out of 5000i,500n,10000p,200000b,80000s
{/usr/local/texl
ive/2020/texmf-dist/fonts/enc/dvips/cm-super/cm-super-ts1.enc}</usr/local/texli
ve/2020/texmf-dist/fonts/type1/public/amsfonts/cm/cmbx10.pfb></usr/local/texliv
e/2020/texmf-dist/fonts/type1/public/amsfonts/cm/cmbx12.pfb></usr/local/texlive
/2020/texmf-dist/fonts/type1/public/amsfonts/cm/cmr10.pfb></usr/local/texlive/2
020/texmf-dist/fonts/type1/public/amsfonts/cm/cmr12.pfb></usr/local/texlive/202
0/texmf-dist/fonts/type1/public/amsfonts/cm/cmr17.pfb></usr/local/texlive/2020/
texmf-dist/fonts/type1/public/amsfonts/cm/cmr5.pfb></usr/local/texlive/2020/tex
mf-dist/fonts/type1/public/amsfonts/cm/cmr8.pfb></usr/local/texlive/2020/texmf-
dist/fonts/type1/public/cm-super/sfrm0500.pfb></usr/local/texlive/2020/texmf-di
st/fonts/type1/public/cm-super/sfrm0600.pfb></usr/local/texlive/2020/texmf-dist
/fonts/type1/public/cm-super/sfrm0800.pfb></usr/local/texlive/2020/texmf-dist/f
onts/type1/public/cm-super/sfrm1000.pfb>
Output written on exp_lit_overview.pdf (3 pages, 117147 bytes).
PDF statistics:
 59 PDF objects out of 1000 (max. 8388607)
 42 compressed objects within 1 object stream
 0 named destinations out of 1000 (max. 500000)
 1 words of extra memory for PDF output out of 10000 (max. 10000000)

